<beans xmlns="http://www.springframework.org/schema/beans"
   xmlns:xsi="http://www.w3.org/2001/XMLSchema-instance"
   xmlns:context="http://www.springframework.org/schema/context"
   xmlns:int="http://www.springframework.org/schema/integration"
   xmlns:int-kafka="http://www.springframework.org/schema/integration/kafka"
   xmlns:mvc="http://www.springframework.org/schema/mvc"
   xsi:schemaLocation="
    http://www.springframework.org/schema/beans http://www.springframework.org/schema/beans/spring-beans.xsd
    http://www.springframework.org/schema/context http://www.springframework.org/schema/context/spring-context.xsd
    http://www.springframework.org/schema/integration http://www.springframework.org/schema/integration/spring-integration.xsd
    http://www.springframework.org/schema/integration/kafka http://www.springframework.org/schema/integration/kafka/spring-integration-kafka-1.0.xsd
    http://www.springframework.org/schema/mvc http://www.springframework.org/schema/mvc/spring-mvc.xsd">

    <int:outbound-channel-adapter id="outboundChannelAdapter" channel="requests" ref="messageReceiver" method="receive"/>

</beans>
