<beans xmlns="http://www.springframework.org/schema/beans"
   xmlns:xsi="http://www.w3.org/2001/XMLSchema-instance"
   xmlns:context="http://www.springframework.org/schema/context"
   xmlns:int="http://www.springframework.org/schema/integration"
   xmlns:int-kafka="http://www.springframework.org/schema/integration/kafka"
   xmlns:mvc="http://www.springframework.org/schema/mvc"
   xsi:schemaLocation="
    http://www.springframework.org/schema/beans http://www.springframework.org/schema/beans/spring-beans.xsd
    http://www.springframework.org/schema/context http://www.springframework.org/schema/context/spring-context.xsd
    http://www.springframework.org/schema/integration http://www.springframework.org/schema/integration/spring-integration.xsd
    http://www.springframework.org/schema/integration/kafka http://www.springframework.org/schema/integration/kafka/spring-integration-kafka-1.0.xsd
    http://www.springframework.org/schema/mvc http://www.springframework.org/schema/mvc/spring-mvc.xsd">

    <bean id="consumerContext" class="org.mockito.Mockito" factory-method="mock" primary="true">
        <constructor-arg value="org.springframework.integration.kafka.support.KafkaConsumerContext"/>
    </bean>

    <int:gateway id="inboundChannelAdapter" default-request-channel="requests"
         service-interface="com.mtrade.processor.RequestTestGW"/>

    <bean id="mongo" factory-bean="fongo" factory-method="getMongo" />
    <bean name="fongo" class="com.github.fakemongo.Fongo">
        <constructor-arg value="InMemoryMongo" />
    </bean>

</beans>
