<beans xmlns="http://www.springframework.org/schema/beans"
   xmlns:xsi="http://www.w3.org/2001/XMLSchema-instance"
   xmlns:int="http://www.springframework.org/schema/integration"
   xsi:schemaLocation="
    http://www.springframework.org/schema/beans http://www.springframework.org/schema/beans/spring-beans.xsd
    http://www.springframework.org/schema/integration http://www.springframework.org/schema/integration/spring-integration.xsd">

    <bean id="consumerContext" class="org.mockito.Mockito" factory-method="mock" primary="true">
        <constructor-arg value="org.springframework.integration.kafka.support.KafkaConsumerContext"/>
    </bean>

    <bean id="statsScheduler" class="org.mockito.Mockito" factory-method="mock" primary="true">
        <constructor-arg value="org.springframework.scheduling.concurrent.ThreadPoolTaskScheduler"/>
    </bean>

    <int:gateway id="inboundChannelAdapter" default-request-channel="requests" service-interface="com.mtrade.processor.RequestTestGW"/>

    <bean id="mongo" factory-bean="fongo" factory-method="getMongo" />
    <bean name="fongo" class="com.github.fakemongo.Fongo">
        <constructor-arg value="InMemoryMongo" />
    </bean>

</beans>
